# JRE version: Java(TM) SE Runtime Environment (8.0_20-b26) (build 1.8.0_20-b26)
# Java VM: Java HotSpot(TM) 64-Bit Server VM (25.20-b23 mixed mode windows-amd64 compressed oops)
Heap:
 PSYoungGen      total 300544K, used 50491K [0x00000000e0600000, 0x00000000f6380000, 0x0000000100000000)
  eden space 284160K, 12% used [0x00000000e0600000,0x00000000e277a5c0,0x00000000f1b80000)
  from space 16384K, 98% used [0x00000000f5380000,0x00000000f63546c8,0x00000000f6380000)
  to   space 28672K, 0% used [0x00000000f2b80000,0x00000000f2b80000,0x00000000f4780000)
 ParOldGen       total 123904K, used 35262K [0x00000000a1200000, 0x00000000a8b00000, 0x00000000e0600000)
  object space 123904K, 28% used [0x00000000a1200000,0x00000000a346fa60,0x00000000a8b00000)
 Metaspace       used 55016K, capacity 56042K, committed 56496K, reserved 1099776K
  class space    used 6759K, capacity 7029K, committed 7088K, reserved 1048576K
GC Heap History (10 events):
Event: 17.546 GC heap before
{Heap before GC invocations=13 (full 2):
 PSYoungGen      total 203264K, used 25571K [0x00000000e0600000, 0x00000000f2880000, 0x0000000100000000)
  eden space 177664K, 0% used [0x00000000e0600000,0x00000000e0600000,0x00000000eb380000)
  from space 25600K, 99% used [0x00000000eb380000,0x00000000ecc78f80,0x00000000ecc80000)
  to   space 29184K, 0% used [0x00000000f0c00000,0x00000000f0c00000,0x00000000f2880000)
 ParOldGen       total 64000K, used 50373K [0x00000000a1200000, 0x00000000a5080000, 0x00000000e0600000)
  object space 64000K, 78% used [0x00000000a1200000,0x00000000a4331770,0x00000000a5080000)
 Metaspace       used 28757K, capacity 29494K, committed 29744K, reserved 1075200K
  class space    used 3320K, capacity 3528K, committed 3632K, reserved 1048576K
Event: 17.666 GC heap after
Heap after GC invocations=13 (full 2):
 PSYoungGen      total 203264K, used 0K [0x00000000e0600000, 0x00000000f2880000, 0x0000000100000000)
  eden space 177664K, 0% used [0x00000000e0600000,0x00000000e0600000,0x00000000eb380000)
  from space 25600K, 0% used [0x00000000eb380000,0x00000000eb380000,0x00000000ecc80000)
  to   space 29184K, 0% used [0x00000000f0c00000,0x00000000f0c00000,0x00000000f2880000)
 ParOldGen       total 116736K, used 47512K [0x00000000a1200000, 0x00000000a8400000, 0x00000000e0600000)
  object space 116736K, 40% used [0x00000000a1200000,0x00000000a4066060,0x00000000a8400000)
 Metaspace       used 28757K, capacity 29494K, committed 29744K, reserved 1075200K
  class space    used 3320K, capacity 3528K, committed 3632K, reserved 1048576K
}
Event: 21.221 GC heap before
{Heap before GC invocations=14 (full 2):
 PSYoungGen      total 203264K, used 177664K [0x00000000e0600000, 0x00000000f2880000, 0x0000000100000000)
  eden space 177664K, 100% used [0x00000000e0600000,0x00000000eb380000,0x00000000eb380000)
  from space 25600K, 0% used [0x00000000eb380000,0x00000000eb380000,0x00000000ecc80000)
  to   space 29184K, 0% used [0x00000000f0c00000,0x00000000f0c00000,0x00000000f2880000)
 ParOldGen       total 116736K, used 47512K [0x00000000a1200000, 0x00000000a8400000, 0x00000000e0600000)
  object space 116736K, 40% used [0x00000000a1200000,0x00000000a4066060,0x00000000a8400000)
 Metaspace       used 43993K, capacity 44822K, committed 45104K, reserved 1089536K
  class space    used 5347K, capacity 5559K, committed 5680K, reserved 1048576K
Event: 21.250 GC heap after
Heap after GC invocations=14 (full 2):
 PSYoungGen      total 264192K, used 16022K [0x00000000e0600000, 0x00000000f2680000, 0x0000000100000000)
  eden space 237056K, 0% used [0x00000000e0600000,0x00000000e0600000,0x00000000eed80000)
  from space 27136K, 59% used [0x00000000f0c00000,0x00000000f1ba5b88,0x00000000f2680000)
  to   space 29184K, 0% used [0x00000000eed80000,0x00000000eed80000,0x00000000f0a00000)
 ParOldGen       total 116736K, used 47520K [0x00000000a1200000, 0x00000000a8400000, 0x00000000e0600000)
  object space 116736K, 40% used [0x00000000a1200000,0x00000000a4068060,0x00000000a8400000)
 Metaspace       used 43993K, capacity 44822K, committed 45104K, reserved 1089536K
  class space    used 5347K, capacity 5559K, committed 5680K, reserved 1048576K
}
Event: 23.138 GC heap before
{Heap before GC invocations=15 (full 2):
 PSYoungGen      total 264192K, used 104722K [0x00000000e0600000, 0x00000000f2680000, 0x0000000100000000)
  eden space 237056K, 37% used [0x00000000e0600000,0x00000000e5c9ee58,0x00000000eed80000)
  from space 27136K, 59% used [0x00000000f0c00000,0x00000000f1ba5b88,0x00000000f2680000)
  to   space 29184K, 0% used [0x00000000eed80000,0x00000000eed80000,0x00000000f0a00000)
 ParOldGen       total 116736K, used 47520K [0x00000000a1200000, 0x00000000a8400000, 0x00000000e0600000)
  object space 116736K, 40% used [0x00000000a1200000,0x00000000a4068060,0x00000000a8400000)
 Metaspace       used 48501K, capacity 49348K, committed 49576K, reserved 1093632K
  class space    used 5943K, capacity 6180K, committed 6192K, reserved 1048576K
Event: 23.162 GC heap after
Heap after GC invocations=15 (full 2):
 PSYoungGen      total 266240K, used 6376K [0x00000000e0600000, 0x00000000f6f80000, 0x0000000100000000)
  eden space 237056K, 0% used [0x00000000e0600000,0x00000000e0600000,0x00000000eed80000)
  from space 29184K, 21% used [0x00000000eed80000,0x00000000ef3ba180,0x00000000f0a00000)
  to   space 28672K, 0% used [0x00000000f5380000,0x00000000f5380000,0x00000000f6f80000)
 ParOldGen       total 116736K, used 51869K [0x00000000a1200000, 0x00000000a8400000, 0x00000000e0600000)
  object space 116736K, 44% used [0x00000000a1200000,0x00000000a44a7690,0x00000000a8400000)
 Metaspace       used 48501K, capacity 49348K, committed 49576K, reserved 1093632K
  class space    used 5943K, capacity 6180K, committed 6192K, reserved 1048576K
}
Event: 23.162 GC heap before
{Heap before GC invocations=16 (full 3):
 PSYoungGen      total 266240K, used 6376K [0x00000000e0600000, 0x00000000f6f80000, 0x0000000100000000)
  eden space 237056K, 0% used [0x00000000e0600000,0x00000000e0600000,0x00000000eed80000)
  from space 29184K, 21% used [0x00000000eed80000,0x00000000ef3ba180,0x00000000f0a00000)
  to   space 28672K, 0% used [0x00000000f5380000,0x00000000f5380000,0x00000000f6f80000)
 ParOldGen       total 116736K, used 51869K [0x00000000a1200000, 0x00000000a8400000, 0x00000000e0600000)
  object space 116736K, 44% used [0x00000000a1200000,0x00000000a44a7690,0x00000000a8400000)
 Metaspace       used 48501K, capacity 49348K, committed 49576K, reserved 1093632K
  class space    used 5943K, capacity 6180K, committed 6192K, reserved 1048576K
Event: 23.442 GC heap after
Heap after GC invocations=16 (full 3):
 PSYoungGen      total 266240K, used 0K [0x00000000e0600000, 0x00000000f6f80000, 0x0000000100000000)
  eden space 237056K, 0% used [0x00000000e0600000,0x00000000e0600000,0x00000000eed80000)
  from space 29184K, 0% used [0x00000000eed80000,0x00000000eed80000,0x00000000f0a00000)
  to   space 28672K, 0% used [0x00000000f5380000,0x00000000f5380000,0x00000000f6f80000)
 ParOldGen       total 123904K, used 35254K [0x00000000a1200000, 0x00000000a8b00000, 0x00000000e0600000)
  object space 123904K, 28% used [0x00000000a1200000,0x00000000a346da60,0x00000000a8b00000)
 Metaspace       used 48501K, capacity 49348K, committed 49576K, reserved 1093632K
  class space    used 5943K, capacity 6180K, committed 6192K, reserved 1048576K
}
Event: 42.522 GC heap before
{Heap before GC invocations=17 (full 3):
 PSYoungGen      total 266240K, used 237056K [0x00000000e0600000, 0x00000000f6f80000, 0x0000000100000000)
  eden space 237056K, 100% used [0x00000000e0600000,0x00000000eed80000,0x00000000eed80000)
  from space 29184K, 0% used [0x00000000eed80000,0x00000000eed80000,0x00000000f0a00000)
  to   space 28672K, 0% used [0x00000000f5380000,0x00000000f5380000,0x00000000f6f80000)
 ParOldGen       total 123904K, used 35254K [0x00000000a1200000, 0x00000000a8b00000, 0x00000000e0600000)
  object space 123904K, 28% used [0x00000000a1200000,0x00000000a346da60,0x00000000a8b00000)
 Metaspace       used 54444K, capacity 55334K, committed 55600K, reserved 1097728K
  class space    used 6707K, capacity 6927K, committed 6960K, reserved 1048576K
Event: 42.549 GC heap after
Heap after GC invocations=17 (full 3):
 PSYoungGen      total 300544K, used 16209K [0x00000000e0600000, 0x00000000f6380000, 0x0000000100000000)
  eden space 284160K, 0% used [0x00000000e0600000,0x00000000e0600000,0x00000000f1b80000)
  from space 16384K, 98% used [0x00000000f5380000,0x00000000f63546c8,0x00000000f6380000)
  to   space 28672K, 0% used [0x00000000f2b80000,0x00000000f2b80000,0x00000000f4780000)
 ParOldGen       total 123904K, used 35262K [0x00000000a1200000, 0x00000000a8b00000, 0x00000000e0600000)
  object space 123904K, 28% used [0x00000000a1200000,0x00000000a346fa60,0x00000000a8b00000)
 Metaspace       used 54444K, capacity 55334K, committed 55600K, reserved 1097728K
  class space    used 6707K, capacity 6927K, committed 6960K, reserved 1048576K
}

